{
  "RSpec": {
    "coverage": {
      "/Users/jacqwhitmer/REPOS/turing/mod3/projects/consultancy/front-end/spec/features/parents/new_spec.rb": {
        "lines": [
          1,
          null,
          0,
          0,
          0,
          0,
          null,
          0,
          null,
          0,
          null,
          0,
          null,
          0,
          null,
          0,
          null,
          null,
          0,
          0,
          0,
          null,
          0,
          null,
          0,
          0,
          0,
          0,
          0,
          0,
          null,
          null,
          0,
          0,
          null,
          0,
          0,
          0,
          0,
          0,
          null,
          0,
          null,
          0,
          null,
          null,
          null
        ]
      },
      "/Users/jacqwhitmer/REPOS/turing/mod3/projects/consultancy/front-end/spec/rails_helper.rb": {
        "lines": [
          1,
          1,
          1,
          null,
          1,
          1,
          1,
          null,
          0,
          0,
          null,
          null,
          0,
          null,
          0,
          0,
          null,
          0,
          null,
          0,
          null,
          null,
          0,
          null,
          null,
          0,
          null,
          0,
          null,
          0,
          null,
          null,
          null,
          0,
          0,
          0,
          0,
          null,
          null,
          null,
          0,
          0,
          0,
          null,
          null,
          null,
          null,
          null,
          null,
          null,
          null,
          null,
          null,
          null,
          null,
          null
        ]
      },
      "/Users/jacqwhitmer/REPOS/turing/mod3/projects/consultancy/front-end/spec/features/register/index_spec.rb": {
        "lines": [
          1,
          null,
          0,
          0,
          0,
          null,
          0,
          0,
          0,
          null,
          null
        ]
      },
      "/Users/jacqwhitmer/REPOS/turing/mod3/projects/consultancy/front-end/spec/factories/users.rb": {
        "lines": [
          1,
          1,
          0,
          0,
          0,
          0,
          0,
          0,
          0,
          0,
          0,
          null,
          null,
          0,
          0,
          0,
          0,
          0,
          0,
          0,
          0,
          0,
          0,
          null,
          null,
          0,
          0,
          0,
          0,
          0,
          0,
          0,
          0,
          0,
          0,
          null,
          null
        ]
      },
      "/Users/jacqwhitmer/REPOS/turing/mod3/projects/consultancy/front-end/app/models/user.rb": {
        "lines": [
          1,
          null,
          null,
          0,
          null,
          null,
          null,
          null,
          0,
          0,
          null,
          0,
          null,
          0,
          0,
          0,
          0,
          null,
          null,
          null,
          null,
          null,
          null,
          null,
          null,
          0,
          null,
          null,
          null,
          null,
          null,
          null,
          null,
          null,
          null,
          null,
          null,
          null,
          null,
          null,
          null,
          null,
          null,
          null,
          null,
          null,
          null,
          null,
          null,
          null,
          null,
          null,
          null,
          null,
          null,
          null,
          null,
          null,
          null,
          0,
          0,
          null,
          null,
          0,
          0,
          null,
          null
        ]
      },
      "/Users/jacqwhitmer/REPOS/turing/mod3/projects/consultancy/front-end/app/models/application_record.rb": {
        "lines": [
          1,
          0,
          null
        ]
      },
      "/Users/jacqwhitmer/REPOS/turing/mod3/projects/consultancy/front-end/spec/features/teachers/dashboard/edit_spec.rb": {
        "lines": [
          1,
          null,
          0,
          0,
          0,
          0,
          null,
          0,
          null,
          0,
          null,
          0,
          null,
          0,
          null,
          0,
          null,
          null,
          0,
          0,
          null,
          0,
          0,
          0,
          0,
          0,
          0,
          null,
          null,
          null,
          0,
          0,
          null,
          0,
          null,
          0,
          null,
          0,
          0,
          0,
          0,
          null,
          null,
          null
        ]
      },
      "/Users/jacqwhitmer/REPOS/turing/mod3/projects/consultancy/front-end/spec/features/teachers/dashboard/index_spec.rb": {
        "lines": [
          1,
          null,
          0,
          0,
          0,
          0,
          null,
          0,
          null,
          0,
          null,
          0,
          null,
          0,
          null,
          0,
          null,
          null,
          0,
          0,
          null,
          0,
          0,
          0,
          null,
          0,
          0,
          null,
          0,
          0,
          0,
          null,
          null
        ]
      },
      "/Users/jacqwhitmer/REPOS/turing/mod3/projects/consultancy/front-end/spec/features/teachers/dashboard/show_spec.rb": {
        "lines": [
          1,
          null,
          0,
          0,
          0,
          0,
          null,
          0,
          null,
          0,
          null,
          0,
          null,
          0,
          null,
          0,
          null,
          null
        ]
      },
      "/Users/jacqwhitmer/REPOS/turing/mod3/projects/consultancy/front-end/spec/features/teachers/dashboard_spec.rb": {
        "lines": [
          1,
          null,
          0,
          0,
          0,
          null,
          0,
          0,
          0,
          null,
          0,
          0,
          null,
          0,
          0,
          0,
          0,
          0,
          null,
          null
        ]
      },
      "/Users/jacqwhitmer/REPOS/turing/mod3/projects/consultancy/front-end/spec/features/teachers/new_spec.rb": {
        "lines": [
          1,
          null,
          0,
          0,
          0,
          null,
          0,
          0,
          0,
          0,
          0,
          0,
          null,
          null,
          0,
          0,
          0,
          0,
          0,
          null,
          null
        ]
      },
      "/Users/jacqwhitmer/REPOS/turing/mod3/projects/consultancy/front-end/spec/features/teachers/registration/new_spec.rb": {
        "lines": [
          1,
          null,
          0,
          0,
          0,
          0,
          null,
          0,
          null,
          0,
          null,
          0,
          null,
          0,
          null,
          0,
          null,
          null,
          0,
          0,
          0,
          null,
          0,
          null,
          0,
          0,
          0,
          0,
          0,
          0,
          null,
          null,
          null,
          0,
          0,
          null,
          0,
          0,
          0,
          0,
          0,
          null,
          0,
          null,
          0,
          0,
          null,
          null,
          0,
          0,
          null,
          0,
          0,
          0,
          0,
          0,
          null,
          0,
          null,
          0,
          0,
          null,
          null
        ]
      },
      "/Users/jacqwhitmer/REPOS/turing/mod3/projects/consultancy/front-end/spec/features/welcome/index_spec.rb": {
        "lines": [
          1,
          null,
          0,
          0,
          0,
          0,
          null,
          0,
          null,
          0,
          null,
          null,
          0,
          0,
          0,
          null,
          0,
          null,
          0,
          null,
          0,
          null,
          0,
          0,
          0,
          null,
          null,
          null
        ]
      },
      "/Users/jacqwhitmer/REPOS/turing/mod3/projects/consultancy/front-end/spec/models/user_spec.rb": {
        "lines": [
          1,
          null,
          0,
          0,
          null,
          0,
          0,
          null,
          0,
          0,
          null,
          0,
          0,
          null,
          null,
          0,
          0,
          0,
          0,
          null,
          null,
          0,
          0,
          0,
          0,
          0,
          0,
          null,
          null,
          null,
          0,
          0,
          0,
          null,
          null,
          null,
          null
        ]
      },
      "/Users/jacqwhitmer/REPOS/turing/mod3/projects/consultancy/front-end/spec/poros/child_spec.rb": {
        "lines": [
          1,
          null,
          0,
          0,
          null,
          0,
          null,
          null,
          null,
          null,
          null,
          null,
          0,
          null,
          0,
          0,
          0,
          0,
          0,
          0,
          0,
          null,
          null
        ]
      },
      "/Users/jacqwhitmer/REPOS/turing/mod3/projects/consultancy/front-end/spec/poros/classroom_spec.rb": {
        "lines": [
          1,
          null,
          0,
          0,
          null,
          0,
          null,
          null,
          null,
          null,
          0,
          null,
          0,
          0,
          0,
          0,
          0,
          0,
          0,
          0,
          null,
          null
        ]
      },
      "/Users/jacqwhitmer/REPOS/turing/mod3/projects/consultancy/front-end/spec/poros/event_spec.rb": {
        "lines": [

        ]
      },
      "/Users/jacqwhitmer/REPOS/turing/mod3/projects/consultancy/front-end/spec/poros/forecast_info_spec.rb": {
        "lines": [

        ]
      },
      "/Users/jacqwhitmer/REPOS/turing/mod3/projects/consultancy/front-end/spec/poros/holiday_info_spec.rb": {
        "lines": [

        ]
      },
      "/Users/jacqwhitmer/REPOS/turing/mod3/projects/consultancy/front-end/spec/poros/parent_spec.rb": {
        "lines": [

        ]
      },
      "/Users/jacqwhitmer/REPOS/turing/mod3/projects/consultancy/front-end/spec/poros/teacher_spec.rb": {
        "lines": [

        ]
      },
      "/Users/jacqwhitmer/REPOS/turing/mod3/projects/consultancy/front-end/spec/services/child_service_spec.rb": {
        "lines": [
          1,
          null,
          0,
          0,
          0,
          0,
          null,
          0,
          null,
          null,
          null,
          null,
          null,
          null,
          null,
          null,
          0,
          null,
          0,
          0,
          0,
          0,
          null,
          0,
          0,
          null,
          0,
          0,
          null,
          0,
          0,
          null,
          0,
          0,
          null,
          0,
          0,
          null,
          0,
          0,
          null,
          null,
          0,
          0,
          0,
          null,
          0,
          null,
          null,
          null,
          null,
          null,
          null,
          null,
          null,
          0,
          null,
          0,
          0,
          0,
          0,
          null,
          0,
          0,
          null,
          0,
          0,
          null,
          0,
          0,
          null,
          0,
          0,
          null,
          0,
          0,
          null,
          0,
          0,
          null,
          null,
          0,
          0,
          null,
          null,
          null,
          null,
          null,
          null,
          null,
          0,
          null,
          null,
          null,
          null,
          null,
          null,
          null,
          null,
          0,
          null,
          0,
          null,
          null
        ]
      },
      "/Users/jacqwhitmer/REPOS/turing/mod3/projects/consultancy/front-end/spec/services/classroom_service_spec.rb": {
        "lines": [

        ]
      },
      "/Users/jacqwhitmer/REPOS/turing/mod3/projects/consultancy/front-end/spec/services/event_service_spec.rb": {
        "lines": [
          1,
          null,
          0,
          0,
          0,
          0,
          null,
          0,
          null,
          null,
          null,
          null,
          null,
          null,
          null,
          null,
          0,
          null,
          0,
          0,
          0,
          null,
          0,
          0,
          null,
          0,
          0,
          null,
          0,
          0,
          null,
          0,
          0,
          null,
          0,
          0,
          null,
          null,
          0,
          0,
          null,
          null,
          null,
          null,
          null,
          null,
          0,
          0,
          null,
          null,
          null,
          null,
          null,
          null,
          null,
          null,
          0,
          null,
          0,
          null,
          null
        ]
      },
      "/Users/jacqwhitmer/REPOS/turing/mod3/projects/consultancy/front-end/spec/services/holiday_service_spec.rb": {
        "lines": [

        ]
      },
      "/Users/jacqwhitmer/REPOS/turing/mod3/projects/consultancy/front-end/spec/services/parent_service_spec.rb": {
        "lines": [

        ]
      },
      "/Users/jacqwhitmer/REPOS/turing/mod3/projects/consultancy/front-end/spec/services/teacher_service_spec.rb": {
        "lines": [
          1,
          null,
          0,
          null,
          0,
          0,
          0,
          null,
          0,
          null,
          null,
          null,
          null,
          null,
          null,
          null,
          null,
          0,
          null,
          0,
          0,
          0,
          null,
          0,
          0,
          null,
          0,
          0,
          null,
          0,
          0,
          null,
          0,
          0,
          null,
          0,
          0,
          null,
          0,
          0,
          null,
          0,
          0,
          null,
          null,
          0,
          0,
          null,
          null,
          null,
          null,
          null,
          null,
          null,
          null,
          0,
          null,
          null,
          null,
          null,
          null,
          null,
          null,
          null,
          0,
          null,
          0,
          null,
          null,
          0,
          0,
          null,
          null,
          null,
          null,
          null,
          null,
          null,
          null,
          0,
          0,
          null,
          0,
          null,
          null,
          null,
          null,
          null,
          null,
          null,
          null,
          null,
          null,
          0,
          null,
          null,
          null,
          null
        ]
      },
      "/Users/jacqwhitmer/REPOS/turing/mod3/projects/consultancy/front-end/spec/services/weather_service_spec.rb": {
        "lines": [

        ]
      }
    },
    "timestamp": 1636595894
  }
}
